Arguments: 
  C:\Program Files\nodejs\node.exe C:\Program Files (x86)\Yarn\bin\yarn.js add ngx-universal

PATH: 
  C:\Users\CrhistianR\AppData\Local\Programs\Git\mingw64\bin;C:\Users\CrhistianR\AppData\Local\Programs\Git\usr\bin;C:\Users\CrhistianR\bin;C:\Program Files (x86)\Intel\Intel(R) Management Engine Components\iCLS;C:\Program Files\Intel\Intel(R) Management Engine Components\iCLS;C:\ProgramData\DockerDesktop\version-bin;C:\Program Files\Docker\Docker\Resources\bin;C:\Program Files (x86)\Common Files\Oracle\Java\javapath;C:\Program Files\Java\jsk.1.8.0_181;C:\Windows\system32;C:\Windows;C:\Windows\System32\Wbem;C:\Windows\System32\WindowsPowerShell\v1.0;C:\Windows\System32\OpenSSH;C:\Program Files (x86)\NVIDIA Corporation\PhysX\Common;C:\Program Files\dotnet;C:\Program Files (x86)\Gow\bin;C:\Program Files\Microsoft SQL Server\Client SDK\ODBC\130\Tools\Binn;C:\Program Files (x86)\Microsoft SQL Server\140\Tools\Binn;C:\Program Files\Microsoft SQL Server\140\Tools\Binn;C:\Program Files\Microsoft SQL Server\140\DTS\Binn;C:\Program Files (x86)\Microsoft SQL Server\Client SDK\ODBC\130\Tools\Binn;C:\Program Files (x86)\Microsoft SQL Server\140\DTS\Binn;C:\Program Files (x86)\Microsoft SQL Server\140\Tools\Binn\ManagementStudio;C:\Program Files\Microsoft SQL Server\130\Tools\Binn;C:\Program Files (x86)\Microsoft SQL Server\110\DTS\Binn;C:\Program Files (x86)\Microsoft SQL Server\120\DTS\Binn;C:\Program Files (x86)\Microsoft SQL Server\130\DTS\Binn;C:\Program Files (x86)\Intel\Intel(R) Management Engine Components\DAL;C:\Program Files\Intel\Intel(R) Management Engine Components\DAL;C:\Program Files (x86)\Yarn\bin;C:\Program Files\nodejs;C:\Ruby25-x64\bin;C:\Users\CrhistianR\AppData\Local\Programs\Python\Python37-32\Scripts;C:\Users\CrhistianR\AppData\Local\Programs\Python\Python37-32;C:\Users\CrhistianR\AppData\Local\Microsoft\WindowsApps;C:\Users\CrhistianR\.dotnet\tools;C:\Program Files\Apache-Maven\bin;C:\Program Files\Java\jdk1.8.0_181;C:\Program Files\Ngrok;C:\Users\CrhistianR\AppData\Local\Programs\Git\cmd;C:\Users\CrhistianR\AppData\Local\Programs\Microsoft VS Code\bin;C:\Program Files\heroku\bin;C:\Users\CrhistianR\AppData\Local\Programs\Fiddler;C:\Users\CrhistianR\AppData\Local\Yarn\bin;C:\Users\CrhistianR\AppData\Roaming\npm;C:\Program Files\nodejs

Yarn version: 
  1.13.0

Node version: 
  10.16.0

Platform: 
  win32 x64

Trace: 
  Error: https://registry.yarnpkg.com/ngx-universal: Not found
      at Request.params.callback [as _callback] (C:\Program Files (x86)\Yarn\lib\cli.js:65364:18)
      at Request.self.callback (C:\Program Files (x86)\Yarn\lib\cli.js:129397:22)
      at Request.emit (events.js:198:13)
      at Request.<anonymous> (C:\Program Files (x86)\Yarn\lib\cli.js:130369:10)
      at Request.emit (events.js:198:13)
      at IncomingMessage.<anonymous> (C:\Program Files (x86)\Yarn\lib\cli.js:130291:12)
      at Object.onceWrapper (events.js:286:20)
      at IncomingMessage.emit (events.js:203:15)
      at endReadableNT (_stream_readable.js:1129:12)
      at process._tickCallback (internal/process/next_tick.js:63:19)

npm manifest: 
  {
    "$schema": "./node_modules/ng-packagr/package.schema.json",
    "name": "@ordercloud/angular-sdk",
    "version": "1.0.0-3",
    "description": "angular 6.0.0+ typescript sdk for building on top of the ordercloud platform",
    "author": "ordercloud.io",
    "repository": {
      "type": "git",
      "url": "https://github.com/ordercloud-api/angular-client"
    },
    "keywords": [
      "ordercloud",
      "four51",
      "b2b",
      "angular",
      "angular2",
      "ecommerce"
    ],
    "license": "MIT",
    "main": "dist/bundles/ordercloud-angular-sdk.umd.js",
    "module": "dist/esm5/ordercloud-angular-sdk.js",
    "es2015": "dist/esm2015/ordercloud-angular-sdk.js",
    "typings": "dist/ordercloud-angular-sdk.d.ts",
    "engines": {
      "node": ">=8.11.3",
      "npm": ">=5.6.0"
    },
    "scripts": {
      "build": "ng-packagr -p package.json",
      "prepublishOnly": "npm run build"
    },
    "dependencies": {},
    "peerDependencies": {
      "@angular/common": ">=6.0.0",
      "@angular/compiler": ">=6.0.0",
      "@angular/core": ">=6.0.0",
      "@angular/http": ">=6.0.0",
      "core-js": "^2.5.4",
      "rxjs": "^6.0.0",
      "zone.js": "<1.0.0"
    },
    "devDependencies": {
      "@angular/animations": "^7.0.0",
      "@angular/common": "^7.0.0",
      "@angular/compiler": "^7.0.0",
      "@angular/compiler-cli": "^7.0.0",
      "@angular/core": "^7.0.0",
      "@angular/http": "^7.0.0",
      "@angular/platform-browser": "^7.0.0",
      "@angular/platform-browser-dynamic": "^7.0.0",
      "@angular/platform-server": "^7.0.0",
      "@nguniversal/express-engine": "^7.0.0",
      "express": "^4.15.2",
      "ng-packagr": "^5.5.0",
      "rxjs": "^6.0.0",
      "tslib": "^1.9.0",
      "typescript": ">=3.1.1 <3.3",
      "zone.js": "^0.8.26"
    },
    "ngPackage": {
      "lib": {
        "entryFile": "public_api.ts",
        "umdId": "OrderCloud",
        "umdModuleIds": {
          "ngx-cookie": "ngx-cookie"
        }
      }
    }
  }

yarn manifest: 
  No manifest

Lockfile: 
  No lockfile
